This is pdfTeX, Version 3.14159265-2.6-1.40.18 (TeX Live 2017/Debian) (preloaded format=pdflatex 2018.10.12)  5 NOV 2018 18:18
entering extended mode
 restricted \write18 enabled.
 file:line:error style messages enabled.
 %&-line parsing enabled.
**Bibliography.tex
(/home/mango/tesi/latex/classicthesis/FrontBackmatter/Bibliography.tex
LaTeX2e <2017-04-15>
Babel <3.18> and hyphenation patterns for 84 language(s) loaded.
/home/mango/tesi/latex/classicthesis/FrontBackmatter/Bibliography.tex:8: Undefined control sequence.
l.8 \defbibheading
                  {bibintoc}[\bibname]{%
The control sequence at the end of the top line
of your error message was never \def'ed. If you have
misspelled it (e.g., `\hobx'), type `I' and the correct
spelling (e.g., `I\hbox'). Otherwise just continue,
and I'll forget about whatever was undefined.


/home/mango/tesi/latex/classicthesis/FrontBackmatter/Bibliography.tex:8: LaTeX Error: Missing \begin{document}.

See the LaTeX manual or LaTeX Companion for explanation.
Type  H <return>  for immediate help.
 ...                                              
                                                  
l.8 \defbibheading{b
                    ibintoc}[\bibname]{%
You're in trouble here.  Try typing  <return>  to proceed.
If that doesn't work, type  X <return>  to quit.

Missing character: There is no b in font nullfont!
Missing character: There is no i in font nullfont!
Missing character: There is no b in font nullfont!
Missing character: There is no i in font nullfont!
Missing character: There is no n in font nullfont!
Missing character: There is no t in font nullfont!
Missing character: There is no o in font nullfont!
Missing character: There is no c in font nullfont!
Missing character: There is no [ in font nullfont!
/home/mango/tesi/latex/classicthesis/FrontBackmatter/Bibliography.tex:8: Undefined control sequence.
l.8 \defbibheading{bibintoc}[\bibname
                                     ]{%
The control sequence at the end of the top line
of your error message was never \def'ed. If you have
misspelled it (e.g., `\hobx'), type `I' and the correct
spelling (e.g., `I\hbox'). Otherwise just continue,
and I'll forget about whatever was undefined.

Missing character: There is no ] in font nullfont!
/home/mango/tesi/latex/classicthesis/FrontBackmatter/Bibliography.tex:9: Undefined control sequence.
l.9  \phantomsection
                    
The control sequence at the end of the top line
of your error message was never \def'ed. If you have
misspelled it (e.g., `\hobx'), type `I' and the correct
spelling (e.g., `I\hbox'). Otherwise just continue,
and I'll forget about whatever was undefined.

/home/mango/tesi/latex/classicthesis/FrontBackmatter/Bibliography.tex:10: Undefined control sequence.
l.10  \manualmark
                 
The control sequence at the end of the top line
of your error message was never \def'ed. If you have
misspelled it (e.g., `\hobx'), type `I' and the correct
spelling (e.g., `I\hbox'). Otherwise just continue,
and I'll forget about whatever was undefined.

/home/mango/tesi/latex/classicthesis/FrontBackmatter/Bibliography.tex:11: Undefined control sequence.
<argument> \spacedlowsmallcaps 
                               {##1}
l.11 ...lowsmallcaps{#1}}{\spacedlowsmallcaps{#1}}
                                                  %
The control sequence at the end of the top line
of your error message was never \def'ed. If you have
misspelled it (e.g., `\hobx'), type `I' and the correct
spelling (e.g., `I\hbox'). Otherwise just continue,
and I'll forget about whatever was undefined.

/home/mango/tesi/latex/classicthesis/FrontBackmatter/Bibliography.tex:11: Illegal parameter number in definition of \@themark.
<to be read again> 
                   1
l.11 ...lowsmallcaps{#1}}{\spacedlowsmallcaps{#1}}
                                                  %
You meant to type ## instead of #, right?
Or maybe a } was forgotten somewhere earlier, and things
are all screwed up? I'm going to assume that you meant ##.

/home/mango/tesi/latex/classicthesis/FrontBackmatter/Bibliography.tex:11: Undefined control sequence.
<argument> \spacedlowsmallcaps 
                               {##1}
l.11 ...lowsmallcaps{#1}}{\spacedlowsmallcaps{#1}}
                                                  %
The control sequence at the end of the top line
of your error message was never \def'ed. If you have
misspelled it (e.g., `\hobx'), type `I' and the correct
spelling (e.g., `I\hbox'). Otherwise just continue,
and I'll forget about whatever was undefined.

/home/mango/tesi/latex/classicthesis/FrontBackmatter/Bibliography.tex:11: Illegal parameter number in definition of \@themark.
<to be read again> 
                   1
l.11 ...lowsmallcaps{#1}}{\spacedlowsmallcaps{#1}}
                                                  %
You meant to type ## instead of #, right?
Or maybe a } was forgotten somewhere earlier, and things
are all screwed up? I'm going to assume that you meant ##.

/home/mango/tesi/latex/classicthesis/FrontBackmatter/Bibliography.tex:12: Undefined control sequence.
<argument> ...c}{\protect \vspace {\beforebibskip 
                                                  }}
l.12 ...ents{toc}{\protect\vspace{\beforebibskip}}
                                                  %
The control sequence at the end of the top line
of your error message was never \def'ed. If you have
misspelled it (e.g., `\hobx'), type `I' and the correct
spelling (e.g., `I\hbox'). Otherwise just continue,
and I'll forget about whatever was undefined.

/home/mango/tesi/latex/classicthesis/FrontBackmatter/Bibliography.tex:13: Undefined control sequence.
<argument> ...t \contentsline {chapter}{\tocEntry 
                                                  {##1}}{\thepage }}
l.13 ...dcontentsline{toc}{chapter}{\tocEntry{#1}}
                                                  %
The control sequence at the end of the top line
of your error message was never \def'ed. If you have
misspelled it (e.g., `\hobx'), type `I' and the correct
spelling (e.g., `I\hbox'). Otherwise just continue,
and I'll forget about whatever was undefined.

/home/mango/tesi/latex/classicthesis/FrontBackmatter/Bibliography.tex:13: Illegal parameter number in definition of \reserved@a.
<to be read again> 
                   1
l.13 ...dcontentsline{toc}{chapter}{\tocEntry{#1}}
                                                  %
You meant to type ## instead of #, right?
Or maybe a } was forgotten somewhere earlier, and things
are all screwed up? I'm going to assume that you meant ##.

/home/mango/tesi/latex/classicthesis/FrontBackmatter/Bibliography.tex:14: Undefined control sequence.
l.14  \chapter
              *{#1}%
The control sequence at the end of the top line
of your error message was never \def'ed. If you have
misspelled it (e.g., `\hobx'), type `I' and the correct
spelling (e.g., `I\hbox'). Otherwise just continue,
and I'll forget about whatever was undefined.

Missing character: There is no * in font nullfont!
/home/mango/tesi/latex/classicthesis/FrontBackmatter/Bibliography.tex:14: You can't use `macro parameter character #' in horizontal mode.
l.14  \chapter*{#
                 1}%
Sorry, but I'm not programmed to handle this case;
I'll just pretend that you didn't ask for it.
If you're in the wrong mode, you might be able to
return to the right one by typing `I}' or `I$' or `I\par'.

Missing character: There is no 1 in font nullfont!

Overfull \hbox (20.0pt too wide) in paragraph at lines 8--16
[][][] 
 []

/home/mango/tesi/latex/classicthesis/FrontBackmatter/Bibliography.tex:17: Undefined control sequence.
l.17 \printbibliography
                       [heading=bibintoc]
The control sequence at the end of the top line
of your error message was never \def'ed. If you have
misspelled it (e.g., `\hobx'), type `I' and the correct
spelling (e.g., `I\hbox'). Otherwise just continue,
and I'll forget about whatever was undefined.


/home/mango/tesi/latex/classicthesis/FrontBackmatter/Bibliography.tex:17: LaTeX Error: Missing \begin{document}.

See the LaTeX manual or LaTeX Companion for explanation.
Type  H <return>  for immediate help.
 ...                                              
                                                  
l.17 \printbibliography[
                        heading=bibintoc]
You're in trouble here.  Try typing  <return>  to proceed.
If that doesn't work, type  X <return>  to quit.

Missing character: There is no [ in font nullfont!
Missing character: There is no h in font nullfont!
Missing character: There is no e in font nullfont!
Missing character: There is no a in font nullfont!
Missing character: There is no d in font nullfont!
Missing character: There is no i in font nullfont!
Missing character: There is no n in font nullfont!
Missing character: There is no g in font nullfont!
Missing character: There is no = in font nullfont!
Missing character: There is no b in font nullfont!
Missing character: There is no i in font nullfont!
Missing character: There is no b in font nullfont!
Missing character: There is no i in font nullfont!
Missing character: There is no n in font nullfont!
Missing character: There is no t in font nullfont!
Missing character: There is no o in font nullfont!
Missing character: There is no c in font nullfont!
Missing character: There is no ] in font nullfont!

Overfull \hbox (20.0pt too wide) in paragraph at lines 17--18
[] 
 []

)
! Emergency stop.
<*> Bibliography.tex
                    
*** (job aborted, no legal \end found)

 
Here is how much of TeX's memory you used:
 9 strings out of 492982
 403 string characters out of 6134895
 53916 words of memory out of 5000000
 3674 multiletter control sequences out of 15000+600000
 3640 words of font info for 14 fonts, out of 8000000 for 9000
 1141 hyphenation exceptions out of 8191
 5i,0n,4p,129b,19s stack positions out of 5000i,500n,10000p,200000b,80000s
!  ==> Fatal error occurred, no output PDF file produced!
